[2024-02-05 17:46:26] local.ERROR: SQLSTATE[HY000] [1045] Access denied for user 'test'@'localhost' (using password: YES) (Connection: mysql, SQL: SHOW FULL TABLES WHERE table_type = 'BASE TABLE') {"exception":"[object] (Illuminate\\Database\\QueryException(code: 1045): SQLSTATE[HY000] [1045] Access denied for user 'test'@'localhost' (using password: YES) (Connection: mysql, SQL: SHOW FULL TABLES WHERE table_type = 'BASE TABLE') at /home/tesla/Desktop/ERP/main-file/vendor/laravel/framework/src/Illuminate/Database/Connection.php:822)
[stacktrace]
#0 /home/tesla/Desktop/ERP/main-file/vendor/laravel/framework/src/Illuminate/Database/Connection.php(776): Illuminate\\Database\\Connection->runQueryCallback()
#1 /home/tesla/Desktop/ERP/main-file/vendor/laravel/framework/src/Illuminate/Database/Connection.php(407): Illuminate\\Database\\Connection->run()
#2 /home/tesla/Desktop/ERP/main-file/vendor/laravel/framework/src/Illuminate/Database/Schema/MySqlBuilder.php(124): Illuminate\\Database\\Connection->select()
#3 /home/tesla/Desktop/ERP/main-file/vendor/laravel/framework/src/Illuminate/Database/Schema/MySqlBuilder.php(74): Illuminate\\Database\\Schema\\MySqlBuilder->getAllTables()
#4 /home/tesla/Desktop/ERP/main-file/vendor/laravel/framework/src/Illuminate/Database/Console/WipeCommand.php(71): Illuminate\\Database\\Schema\\MySqlBuilder->dropAllTables()
#5 /home/tesla/Desktop/ERP/main-file/vendor/laravel/framework/src/Illuminate/Database/Console/WipeCommand.php(48): Illuminate\\Database\\Console\\WipeCommand->dropAllTables()
#6 /home/tesla/Desktop/ERP/main-file/vendor/laravel/framework/src/Illuminate/Container/BoundMethod.php(36): Illuminate\\Database\\Console\\WipeCommand->handle()
#7 /home/tesla/Desktop/ERP/main-file/vendor/laravel/framework/src/Illuminate/Container/Util.php(41): Illuminate\\Container\\BoundMethod::Illuminate\\Container\\{closure}()
#8 /home/tesla/Desktop/ERP/main-file/vendor/laravel/framework/src/Illuminate/Container/BoundMethod.php(93): Illuminate\\Container\\Util::unwrapIfClosure()
#9 /home/tesla/Desktop/ERP/main-file/vendor/laravel/framework/src/Illuminate/Container/BoundMethod.php(35): Illuminate\\Container\\BoundMethod::callBoundMethod()
#10 /home/tesla/Desktop/ERP/main-file/vendor/laravel/framework/src/Illuminate/Container/Container.php(662): Illuminate\\Container\\BoundMethod::call()
#11 /home/tesla/Desktop/ERP/main-file/vendor/laravel/framework/src/Illuminate/Console/Command.php(211): Illuminate\\Container\\Container->call()
#12 /home/tesla/Desktop/ERP/main-file/vendor/symfony/console/Command/Command.php(326): Illuminate\\Console\\Command->execute()
#13 /home/tesla/Desktop/ERP/main-file/vendor/laravel/framework/src/Illuminate/Console/Command.php(180): Symfony\\Component\\Console\\Command\\Command->run()
#14 /home/tesla/Desktop/ERP/main-file/vendor/laravel/framework/src/Illuminate/Console/Concerns/CallsCommands.php(67): Illuminate\\Console\\Command->run()
#15 /home/tesla/Desktop/ERP/main-file/vendor/laravel/framework/src/Illuminate/Console/Concerns/CallsCommands.php(40): Illuminate\\Console\\Command->runCommand()
#16 /home/tesla/Desktop/ERP/main-file/vendor/laravel/framework/src/Illuminate/Database/Console/Migrations/FreshCommand.php(44): Illuminate\\Console\\Command->callSilent()
#17 /home/tesla/Desktop/ERP/main-file/vendor/laravel/framework/src/Illuminate/Console/View/Components/Task.php(37): Illuminate\\Database\\Console\\Migrations\\FreshCommand->Illuminate\\Database\\Console\\Migrations\\{closure}()
#18 /home/tesla/Desktop/ERP/main-file/vendor/laravel/framework/src/Illuminate/Console/View/Components/Factory.php(58): Illuminate\\Console\\View\\Components\\Task->render()
#19 /home/tesla/Desktop/ERP/main-file/vendor/laravel/framework/src/Illuminate/Database/Console/Migrations/FreshCommand.php(44): Illuminate\\Console\\View\\Components\\Factory->__call()
#20 /home/tesla/Desktop/ERP/main-file/vendor/laravel/framework/src/Illuminate/Container/BoundMethod.php(36): Illuminate\\Database\\Console\\Migrations\\FreshCommand->handle()
#21 /home/tesla/Desktop/ERP/main-file/vendor/laravel/framework/src/Illuminate/Container/Util.php(41): Illuminate\\Container\\BoundMethod::Illuminate\\Container\\{closure}()
#22 /home/tesla/Desktop/ERP/main-file/vendor/laravel/framework/src/Illuminate/Container/BoundMethod.php(93): Illuminate\\Container\\Util::unwrapIfClosure()
#23 /home/tesla/Desktop/ERP/main-file/vendor/laravel/framework/src/Illuminate/Container/BoundMethod.php(35): Illuminate\\Container\\BoundMethod::callBoundMethod()
#24 /home/tesla/Desktop/ERP/main-file/vendor/laravel/framework/src/Illuminate/Container/Container.php(662): Illuminate\\Container\\BoundMethod::call()
#25 /home/tesla/Desktop/ERP/main-file/vendor/laravel/framework/src/Illuminate/Console/Command.php(211): Illuminate\\Container\\Container->call()
#26 /home/tesla/Desktop/ERP/main-file/vendor/symfony/console/Command/Command.php(326): Illuminate\\Console\\Command->execute()
#27 /home/tesla/Desktop/ERP/main-file/vendor/laravel/framework/src/Illuminate/Console/Command.php(180): Symfony\\Component\\Console\\Command\\Command->run()
#28 /home/tesla/Desktop/ERP/main-file/vendor/symfony/console/Application.php(1081): Illuminate\\Console\\Command->run()
#29 /home/tesla/Desktop/ERP/main-file/vendor/symfony/console/Application.php(320): Symfony\\Component\\Console\\Application->doRunCommand()
#30 /home/tesla/Desktop/ERP/main-file/vendor/symfony/console/Application.php(174): Symfony\\Component\\Console\\Application->doRun()
#31 /home/tesla/Desktop/ERP/main-file/vendor/laravel/framework/src/Illuminate/Foundation/Console/Kernel.php(201): Symfony\\Component\\Console\\Application->run()
#32 /home/tesla/Desktop/ERP/main-file/artisan(35): Illuminate\\Foundation\\Console\\Kernel->handle()
#33 {main}

[previous exception] [object] (PDOException(code: 1045): SQLSTATE[HY000] [1045] Access denied for user 'test'@'localhost' (using password: YES) at /home/tesla/Desktop/ERP/main-file/vendor/laravel/framework/src/Illuminate/Database/Connectors/Connector.php:65)
[stacktrace]
#0 /home/tesla/Desktop/ERP/main-file/vendor/laravel/framework/src/Illuminate/Database/Connectors/Connector.php(65): PDO->__construct()
#1 /home/tesla/Desktop/ERP/main-file/vendor/laravel/framework/src/Illuminate/Database/Connectors/Connector.php(44): Illuminate\\Database\\Connectors\\Connector->createPdoConnection()
#2 /home/tesla/Desktop/ERP/main-file/vendor/laravel/framework/src/Illuminate/Database/Connectors/MySqlConnector.php(24): Illuminate\\Database\\Connectors\\Connector->createConnection()
#3 /home/tesla/Desktop/ERP/main-file/vendor/laravel/framework/src/Illuminate/Database/Connectors/ConnectionFactory.php(184): Illuminate\\Database\\Connectors\\MySqlConnector->connect()
#4 [internal function]: Illuminate\\Database\\Connectors\\ConnectionFactory->Illuminate\\Database\\Connectors\\{closure}()
#5 /home/tesla/Desktop/ERP/main-file/vendor/laravel/framework/src/Illuminate/Database/Connection.php(1319): call_user_func()
#6 /home/tesla/Desktop/ERP/main-file/vendor/laravel/framework/src/Illuminate/Database/Connection.php(1355): Illuminate\\Database\\Connection->getPdo()
#7 /home/tesla/Desktop/ERP/main-file/vendor/laravel/framework/src/Illuminate/Database/Connection.php(521): Illuminate\\Database\\Connection->getReadPdo()
#8 /home/tesla/Desktop/ERP/main-file/vendor/laravel/framework/src/Illuminate/Database/Connection.php(416): Illuminate\\Database\\Connection->getPdoForSelect()
#9 /home/tesla/Desktop/ERP/main-file/vendor/laravel/framework/src/Illuminate/Database/Connection.php(809): Illuminate\\Database\\Connection->Illuminate\\Database\\{closure}()
#10 /home/tesla/Desktop/ERP/main-file/vendor/laravel/framework/src/Illuminate/Database/Connection.php(776): Illuminate\\Database\\Connection->runQueryCallback()
#11 /home/tesla/Desktop/ERP/main-file/vendor/laravel/framework/src/Illuminate/Database/Connection.php(407): Illuminate\\Database\\Connection->run()
#12 /home/tesla/Desktop/ERP/main-file/vendor/laravel/framework/src/Illuminate/Database/Schema/MySqlBuilder.php(124): Illuminate\\Database\\Connection->select()
#13 /home/tesla/Desktop/ERP/main-file/vendor/laravel/framework/src/Illuminate/Database/Schema/MySqlBuilder.php(74): Illuminate\\Database\\Schema\\MySqlBuilder->getAllTables()
#14 /home/tesla/Desktop/ERP/main-file/vendor/laravel/framework/src/Illuminate/Database/Console/WipeCommand.php(71): Illuminate\\Database\\Schema\\MySqlBuilder->dropAllTables()
#15 /home/tesla/Desktop/ERP/main-file/vendor/laravel/framework/src/Illuminate/Database/Console/WipeCommand.php(48): Illuminate\\Database\\Console\\WipeCommand->dropAllTables()
#16 /home/tesla/Desktop/ERP/main-file/vendor/laravel/framework/src/Illuminate/Container/BoundMethod.php(36): Illuminate\\Database\\Console\\WipeCommand->handle()
#17 /home/tesla/Desktop/ERP/main-file/vendor/laravel/framework/src/Illuminate/Container/Util.php(41): Illuminate\\Container\\BoundMethod::Illuminate\\Container\\{closure}()
#18 /home/tesla/Desktop/ERP/main-file/vendor/laravel/framework/src/Illuminate/Container/BoundMethod.php(93): Illuminate\\Container\\Util::unwrapIfClosure()
#19 /home/tesla/Desktop/ERP/main-file/vendor/laravel/framework/src/Illuminate/Container/BoundMethod.php(35): Illuminate\\Container\\BoundMethod::callBoundMethod()
#20 /home/tesla/Desktop/ERP/main-file/vendor/laravel/framework/src/Illuminate/Container/Container.php(662): Illuminate\\Container\\BoundMethod::call()
#21 /home/tesla/Desktop/ERP/main-file/vendor/laravel/framework/src/Illuminate/Console/Command.php(211): Illuminate\\Container\\Container->call()
#22 /home/tesla/Desktop/ERP/main-file/vendor/symfony/console/Command/Command.php(326): Illuminate\\Console\\Command->execute()
#23 /home/tesla/Desktop/ERP/main-file/vendor/laravel/framework/src/Illuminate/Console/Command.php(180): Symfony\\Component\\Console\\Command\\Command->run()
#24 /home/tesla/Desktop/ERP/main-file/vendor/laravel/framework/src/Illuminate/Console/Concerns/CallsCommands.php(67): Illuminate\\Console\\Command->run()
#25 /home/tesla/Desktop/ERP/main-file/vendor/laravel/framework/src/Illuminate/Console/Concerns/CallsCommands.php(40): Illuminate\\Console\\Command->runCommand()
#26 /home/tesla/Desktop/ERP/main-file/vendor/laravel/framework/src/Illuminate/Database/Console/Migrations/FreshCommand.php(44): Illuminate\\Console\\Command->callSilent()
#27 /home/tesla/Desktop/ERP/main-file/vendor/laravel/framework/src/Illuminate/Console/View/Components/Task.php(37): Illuminate\\Database\\Console\\Migrations\\FreshCommand->Illuminate\\Database\\Console\\Migrations\\{closure}()
#28 /home/tesla/Desktop/ERP/main-file/vendor/laravel/framework/src/Illuminate/Console/View/Components/Factory.php(58): Illuminate\\Console\\View\\Components\\Task->render()
#29 /home/tesla/Desktop/ERP/main-file/vendor/laravel/framework/src/Illuminate/Database/Console/Migrations/FreshCommand.php(44): Illuminate\\Console\\View\\Components\\Factory->__call()
#30 /home/tesla/Desktop/ERP/main-file/vendor/laravel/framework/src/Illuminate/Container/BoundMethod.php(36): Illuminate\\Database\\Console\\Migrations\\FreshCommand->handle()
#31 /home/tesla/Desktop/ERP/main-file/vendor/laravel/framework/src/Illuminate/Container/Util.php(41): Illuminate\\Container\\BoundMethod::Illuminate\\Container\\{closure}()
#32 /home/tesla/Desktop/ERP/main-file/vendor/laravel/framework/src/Illuminate/Container/BoundMethod.php(93): Illuminate\\Container\\Util::unwrapIfClosure()
#33 /home/tesla/Desktop/ERP/main-file/vendor/laravel/framework/src/Illuminate/Container/BoundMethod.php(35): Illuminate\\Container\\BoundMethod::callBoundMethod()
#34 /home/tesla/Desktop/ERP/main-file/vendor/laravel/framework/src/Illuminate/Container/Container.php(662): Illuminate\\Container\\BoundMethod::call()
#35 /home/tesla/Desktop/ERP/main-file/vendor/laravel/framework/src/Illuminate/Console/Command.php(211): Illuminate\\Container\\Container->call()
#36 /home/tesla/Desktop/ERP/main-file/vendor/symfony/console/Command/Command.php(326): Illuminate\\Console\\Command->execute()
#37 /home/tesla/Desktop/ERP/main-file/vendor/laravel/framework/src/Illuminate/Console/Command.php(180): Symfony\\Component\\Console\\Command\\Command->run()
#38 /home/tesla/Desktop/ERP/main-file/vendor/symfony/console/Application.php(1081): Illuminate\\Console\\Command->run()
#39 /home/tesla/Desktop/ERP/main-file/vendor/symfony/console/Application.php(320): Symfony\\Component\\Console\\Application->doRunCommand()
#40 /home/tesla/Desktop/ERP/main-file/vendor/symfony/console/Application.php(174): Symfony\\Component\\Console\\Application->doRun()
#41 /home/tesla/Desktop/ERP/main-file/vendor/laravel/framework/src/Illuminate/Foundation/Console/Kernel.php(201): Symfony\\Component\\Console\\Application->run()
#42 /home/tesla/Desktop/ERP/main-file/artisan(35): Illuminate\\Foundation\\Console\\Kernel->handle()
#43 {main}
"} 
[2024-02-05 17:46:41] local.ERROR: SQLSTATE[HY000] [1045] Access denied for user 'test'@'localhost' (using password: YES) (Connection: mysql, SQL: SHOW FULL TABLES WHERE table_type = 'BASE TABLE') {"exception":"[object] (Illuminate\\Database\\QueryException(code: 1045): SQLSTATE[HY000] [1045] Access denied for user 'test'@'localhost' (using password: YES) (Connection: mysql, SQL: SHOW FULL TABLES WHERE table_type = 'BASE TABLE') at /home/tesla/Desktop/ERP/main-file/vendor/laravel/framework/src/Illuminate/Database/Connection.php:822)
[stacktrace]
#0 /home/tesla/Desktop/ERP/main-file/vendor/laravel/framework/src/Illuminate/Database/Connection.php(776): Illuminate\\Database\\Connection->runQueryCallback()
#1 /home/tesla/Desktop/ERP/main-file/vendor/laravel/framework/src/Illuminate/Database/Connection.php(407): Illuminate\\Database\\Connection->run()
#2 /home/tesla/Desktop/ERP/main-file/vendor/laravel/framework/src/Illuminate/Database/Schema/MySqlBuilder.php(124): Illuminate\\Database\\Connection->select()
#3 /home/tesla/Desktop/ERP/main-file/vendor/laravel/framework/src/Illuminate/Database/Schema/MySqlBuilder.php(74): Illuminate\\Database\\Schema\\MySqlBuilder->getAllTables()
#4 /home/tesla/Desktop/ERP/main-file/vendor/laravel/framework/src/Illuminate/Database/Console/WipeCommand.php(71): Illuminate\\Database\\Schema\\MySqlBuilder->dropAllTables()
#5 /home/tesla/Desktop/ERP/main-file/vendor/laravel/framework/src/Illuminate/Database/Console/WipeCommand.php(48): Illuminate\\Database\\Console\\WipeCommand->dropAllTables()
#6 /home/tesla/Desktop/ERP/main-file/vendor/laravel/framework/src/Illuminate/Container/BoundMethod.php(36): Illuminate\\Database\\Console\\WipeCommand->handle()
#7 /home/tesla/Desktop/ERP/main-file/vendor/laravel/framework/src/Illuminate/Container/Util.php(41): Illuminate\\Container\\BoundMethod::Illuminate\\Container\\{closure}()
#8 /home/tesla/Desktop/ERP/main-file/vendor/laravel/framework/src/Illuminate/Container/BoundMethod.php(93): Illuminate\\Container\\Util::unwrapIfClosure()
#9 /home/tesla/Desktop/ERP/main-file/vendor/laravel/framework/src/Illuminate/Container/BoundMethod.php(35): Illuminate\\Container\\BoundMethod::callBoundMethod()
#10 /home/tesla/Desktop/ERP/main-file/vendor/laravel/framework/src/Illuminate/Container/Container.php(662): Illuminate\\Container\\BoundMethod::call()
#11 /home/tesla/Desktop/ERP/main-file/vendor/laravel/framework/src/Illuminate/Console/Command.php(211): Illuminate\\Container\\Container->call()
#12 /home/tesla/Desktop/ERP/main-file/vendor/symfony/console/Command/Command.php(326): Illuminate\\Console\\Command->execute()
#13 /home/tesla/Desktop/ERP/main-file/vendor/laravel/framework/src/Illuminate/Console/Command.php(180): Symfony\\Component\\Console\\Command\\Command->run()
#14 /home/tesla/Desktop/ERP/main-file/vendor/laravel/framework/src/Illuminate/Console/Concerns/CallsCommands.php(67): Illuminate\\Console\\Command->run()
#15 /home/tesla/Desktop/ERP/main-file/vendor/laravel/framework/src/Illuminate/Console/Concerns/CallsCommands.php(40): Illuminate\\Console\\Command->runCommand()
#16 /home/tesla/Desktop/ERP/main-file/vendor/laravel/framework/src/Illuminate/Database/Console/Migrations/FreshCommand.php(44): Illuminate\\Console\\Command->callSilent()
#17 /home/tesla/Desktop/ERP/main-file/vendor/laravel/framework/src/Illuminate/Console/View/Components/Task.php(37): Illuminate\\Database\\Console\\Migrations\\FreshCommand->Illuminate\\Database\\Console\\Migrations\\{closure}()
#18 /home/tesla/Desktop/ERP/main-file/vendor/laravel/framework/src/Illuminate/Console/View/Components/Factory.php(58): Illuminate\\Console\\View\\Components\\Task->render()
#19 /home/tesla/Desktop/ERP/main-file/vendor/laravel/framework/src/Illuminate/Database/Console/Migrations/FreshCommand.php(44): Illuminate\\Console\\View\\Components\\Factory->__call()
#20 /home/tesla/Desktop/ERP/main-file/vendor/laravel/framework/src/Illuminate/Container/BoundMethod.php(36): Illuminate\\Database\\Console\\Migrations\\FreshCommand->handle()
#21 /home/tesla/Desktop/ERP/main-file/vendor/laravel/framework/src/Illuminate/Container/Util.php(41): Illuminate\\Container\\BoundMethod::Illuminate\\Container\\{closure}()
#22 /home/tesla/Desktop/ERP/main-file/vendor/laravel/framework/src/Illuminate/Container/BoundMethod.php(93): Illuminate\\Container\\Util::unwrapIfClosure()
#23 /home/tesla/Desktop/ERP/main-file/vendor/laravel/framework/src/Illuminate/Container/BoundMethod.php(35): Illuminate\\Container\\BoundMethod::callBoundMethod()
#24 /home/tesla/Desktop/ERP/main-file/vendor/laravel/framework/src/Illuminate/Container/Container.php(662): Illuminate\\Container\\BoundMethod::call()
#25 /home/tesla/Desktop/ERP/main-file/vendor/laravel/framework/src/Illuminate/Console/Command.php(211): Illuminate\\Container\\Container->call()
#26 /home/tesla/Desktop/ERP/main-file/vendor/symfony/console/Command/Command.php(326): Illuminate\\Console\\Command->execute()
#27 /home/tesla/Desktop/ERP/main-file/vendor/laravel/framework/src/Illuminate/Console/Command.php(180): Symfony\\Component\\Console\\Command\\Command->run()
#28 /home/tesla/Desktop/ERP/main-file/vendor/symfony/console/Application.php(1081): Illuminate\\Console\\Command->run()
#29 /home/tesla/Desktop/ERP/main-file/vendor/symfony/console/Application.php(320): Symfony\\Component\\Console\\Application->doRunCommand()
#30 /home/tesla/Desktop/ERP/main-file/vendor/symfony/console/Application.php(174): Symfony\\Component\\Console\\Application->doRun()
#31 /home/tesla/Desktop/ERP/main-file/vendor/laravel/framework/src/Illuminate/Foundation/Console/Kernel.php(201): Symfony\\Component\\Console\\Application->run()
#32 /home/tesla/Desktop/ERP/main-file/artisan(35): Illuminate\\Foundation\\Console\\Kernel->handle()
#33 {main}

[previous exception] [object] (PDOException(code: 1045): SQLSTATE[HY000] [1045] Access denied for user 'test'@'localhost' (using password: YES) at /home/tesla/Desktop/ERP/main-file/vendor/laravel/framework/src/Illuminate/Database/Connectors/Connector.php:65)
[stacktrace]
#0 /home/tesla/Desktop/ERP/main-file/vendor/laravel/framework/src/Illuminate/Database/Connectors/Connector.php(65): PDO->__construct()
#1 /home/tesla/Desktop/ERP/main-file/vendor/laravel/framework/src/Illuminate/Database/Connectors/Connector.php(44): Illuminate\\Database\\Connectors\\Connector->createPdoConnection()
#2 /home/tesla/Desktop/ERP/main-file/vendor/laravel/framework/src/Illuminate/Database/Connectors/MySqlConnector.php(24): Illuminate\\Database\\Connectors\\Connector->createConnection()
#3 /home/tesla/Desktop/ERP/main-file/vendor/laravel/framework/src/Illuminate/Database/Connectors/ConnectionFactory.php(184): Illuminate\\Database\\Connectors\\MySqlConnector->connect()
#4 [internal function]: Illuminate\\Database\\Connectors\\ConnectionFactory->Illuminate\\Database\\Connectors\\{closure}()
#5 /home/tesla/Desktop/ERP/main-file/vendor/laravel/framework/src/Illuminate/Database/Connection.php(1319): call_user_func()
#6 /home/tesla/Desktop/ERP/main-file/vendor/laravel/framework/src/Illuminate/Database/Connection.php(1355): Illuminate\\Database\\Connection->getPdo()
#7 /home/tesla/Desktop/ERP/main-file/vendor/laravel/framework/src/Illuminate/Database/Connection.php(521): Illuminate\\Database\\Connection->getReadPdo()
#8 /home/tesla/Desktop/ERP/main-file/vendor/laravel/framework/src/Illuminate/Database/Connection.php(416): Illuminate\\Database\\Connection->getPdoForSelect()
#9 /home/tesla/Desktop/ERP/main-file/vendor/laravel/framework/src/Illuminate/Database/Connection.php(809): Illuminate\\Database\\Connection->Illuminate\\Database\\{closure}()
#10 /home/tesla/Desktop/ERP/main-file/vendor/laravel/framework/src/Illuminate/Database/Connection.php(776): Illuminate\\Database\\Connection->runQueryCallback()
#11 /home/tesla/Desktop/ERP/main-file/vendor/laravel/framework/src/Illuminate/Database/Connection.php(407): Illuminate\\Database\\Connection->run()
#12 /home/tesla/Desktop/ERP/main-file/vendor/laravel/framework/src/Illuminate/Database/Schema/MySqlBuilder.php(124): Illuminate\\Database\\Connection->select()
#13 /home/tesla/Desktop/ERP/main-file/vendor/laravel/framework/src/Illuminate/Database/Schema/MySqlBuilder.php(74): Illuminate\\Database\\Schema\\MySqlBuilder->getAllTables()
#14 /home/tesla/Desktop/ERP/main-file/vendor/laravel/framework/src/Illuminate/Database/Console/WipeCommand.php(71): Illuminate\\Database\\Schema\\MySqlBuilder->dropAllTables()
#15 /home/tesla/Desktop/ERP/main-file/vendor/laravel/framework/src/Illuminate/Database/Console/WipeCommand.php(48): Illuminate\\Database\\Console\\WipeCommand->dropAllTables()
#16 /home/tesla/Desktop/ERP/main-file/vendor/laravel/framework/src/Illuminate/Container/BoundMethod.php(36): Illuminate\\Database\\Console\\WipeCommand->handle()
#17 /home/tesla/Desktop/ERP/main-file/vendor/laravel/framework/src/Illuminate/Container/Util.php(41): Illuminate\\Container\\BoundMethod::Illuminate\\Container\\{closure}()
#18 /home/tesla/Desktop/ERP/main-file/vendor/laravel/framework/src/Illuminate/Container/BoundMethod.php(93): Illuminate\\Container\\Util::unwrapIfClosure()
#19 /home/tesla/Desktop/ERP/main-file/vendor/laravel/framework/src/Illuminate/Container/BoundMethod.php(35): Illuminate\\Container\\BoundMethod::callBoundMethod()
#20 /home/tesla/Desktop/ERP/main-file/vendor/laravel/framework/src/Illuminate/Container/Container.php(662): Illuminate\\Container\\BoundMethod::call()
#21 /home/tesla/Desktop/ERP/main-file/vendor/laravel/framework/src/Illuminate/Console/Command.php(211): Illuminate\\Container\\Container->call()
#22 /home/tesla/Desktop/ERP/main-file/vendor/symfony/console/Command/Command.php(326): Illuminate\\Console\\Command->execute()
#23 /home/tesla/Desktop/ERP/main-file/vendor/laravel/framework/src/Illuminate/Console/Command.php(180): Symfony\\Component\\Console\\Command\\Command->run()
#24 /home/tesla/Desktop/ERP/main-file/vendor/laravel/framework/src/Illuminate/Console/Concerns/CallsCommands.php(67): Illuminate\\Console\\Command->run()
#25 /home/tesla/Desktop/ERP/main-file/vendor/laravel/framework/src/Illuminate/Console/Concerns/CallsCommands.php(40): Illuminate\\Console\\Command->runCommand()
#26 /home/tesla/Desktop/ERP/main-file/vendor/laravel/framework/src/Illuminate/Database/Console/Migrations/FreshCommand.php(44): Illuminate\\Console\\Command->callSilent()
#27 /home/tesla/Desktop/ERP/main-file/vendor/laravel/framework/src/Illuminate/Console/View/Components/Task.php(37): Illuminate\\Database\\Console\\Migrations\\FreshCommand->Illuminate\\Database\\Console\\Migrations\\{closure}()
#28 /home/tesla/Desktop/ERP/main-file/vendor/laravel/framework/src/Illuminate/Console/View/Components/Factory.php(58): Illuminate\\Console\\View\\Components\\Task->render()
#29 /home/tesla/Desktop/ERP/main-file/vendor/laravel/framework/src/Illuminate/Database/Console/Migrations/FreshCommand.php(44): Illuminate\\Console\\View\\Components\\Factory->__call()
#30 /home/tesla/Desktop/ERP/main-file/vendor/laravel/framework/src/Illuminate/Container/BoundMethod.php(36): Illuminate\\Database\\Console\\Migrations\\FreshCommand->handle()
#31 /home/tesla/Desktop/ERP/main-file/vendor/laravel/framework/src/Illuminate/Container/Util.php(41): Illuminate\\Container\\BoundMethod::Illuminate\\Container\\{closure}()
#32 /home/tesla/Desktop/ERP/main-file/vendor/laravel/framework/src/Illuminate/Container/BoundMethod.php(93): Illuminate\\Container\\Util::unwrapIfClosure()
#33 /home/tesla/Desktop/ERP/main-file/vendor/laravel/framework/src/Illuminate/Container/BoundMethod.php(35): Illuminate\\Container\\BoundMethod::callBoundMethod()
#34 /home/tesla/Desktop/ERP/main-file/vendor/laravel/framework/src/Illuminate/Container/Container.php(662): Illuminate\\Container\\BoundMethod::call()
#35 /home/tesla/Desktop/ERP/main-file/vendor/laravel/framework/src/Illuminate/Console/Command.php(211): Illuminate\\Container\\Container->call()
#36 /home/tesla/Desktop/ERP/main-file/vendor/symfony/console/Command/Command.php(326): Illuminate\\Console\\Command->execute()
#37 /home/tesla/Desktop/ERP/main-file/vendor/laravel/framework/src/Illuminate/Console/Command.php(180): Symfony\\Component\\Console\\Command\\Command->run()
#38 /home/tesla/Desktop/ERP/main-file/vendor/symfony/console/Application.php(1081): Illuminate\\Console\\Command->run()
#39 /home/tesla/Desktop/ERP/main-file/vendor/symfony/console/Application.php(320): Symfony\\Component\\Console\\Application->doRunCommand()
#40 /home/tesla/Desktop/ERP/main-file/vendor/symfony/console/Application.php(174): Symfony\\Component\\Console\\Application->doRun()
#41 /home/tesla/Desktop/ERP/main-file/vendor/laravel/framework/src/Illuminate/Foundation/Console/Kernel.php(201): Symfony\\Component\\Console\\Application->run()
#42 /home/tesla/Desktop/ERP/main-file/artisan(35): Illuminate\\Foundation\\Console\\Kernel->handle()
#43 {main}
"} 
[2024-02-05 17:48:04] local.ERROR: SQLSTATE[HY000] [1045] Access denied for user 'test'@'localhost' (using password: YES) (Connection: mysql, SQL: SHOW FULL TABLES WHERE table_type = 'BASE TABLE') {"exception":"[object] (Illuminate\\Database\\QueryException(code: 1045): SQLSTATE[HY000] [1045] Access denied for user 'test'@'localhost' (using password: YES) (Connection: mysql, SQL: SHOW FULL TABLES WHERE table_type = 'BASE TABLE') at /home/tesla/Desktop/ERP/main-file/vendor/laravel/framework/src/Illuminate/Database/Connection.php:822)
[stacktrace]
#0 /home/tesla/Desktop/ERP/main-file/vendor/laravel/framework/src/Illuminate/Database/Connection.php(776): Illuminate\\Database\\Connection->runQueryCallback()
#1 /home/tesla/Desktop/ERP/main-file/vendor/laravel/framework/src/Illuminate/Database/Connection.php(407): Illuminate\\Database\\Connection->run()
#2 /home/tesla/Desktop/ERP/main-file/vendor/laravel/framework/src/Illuminate/Database/Schema/MySqlBuilder.php(124): Illuminate\\Database\\Connection->select()
#3 /home/tesla/Desktop/ERP/main-file/vendor/laravel/framework/src/Illuminate/Database/Schema/MySqlBuilder.php(74): Illuminate\\Database\\Schema\\MySqlBuilder->getAllTables()
#4 /home/tesla/Desktop/ERP/main-file/vendor/laravel/framework/src/Illuminate/Database/Console/WipeCommand.php(71): Illuminate\\Database\\Schema\\MySqlBuilder->dropAllTables()
#5 /home/tesla/Desktop/ERP/main-file/vendor/laravel/framework/src/Illuminate/Database/Console/WipeCommand.php(48): Illuminate\\Database\\Console\\WipeCommand->dropAllTables()
#6 /home/tesla/Desktop/ERP/main-file/vendor/laravel/framework/src/Illuminate/Container/BoundMethod.php(36): Illuminate\\Database\\Console\\WipeCommand->handle()
#7 /home/tesla/Desktop/ERP/main-file/vendor/laravel/framework/src/Illuminate/Container/Util.php(41): Illuminate\\Container\\BoundMethod::Illuminate\\Container\\{closure}()
#8 /home/tesla/Desktop/ERP/main-file/vendor/laravel/framework/src/Illuminate/Container/BoundMethod.php(93): Illuminate\\Container\\Util::unwrapIfClosure()
#9 /home/tesla/Desktop/ERP/main-file/vendor/laravel/framework/src/Illuminate/Container/BoundMethod.php(35): Illuminate\\Container\\BoundMethod::callBoundMethod()
#10 /home/tesla/Desktop/ERP/main-file/vendor/laravel/framework/src/Illuminate/Container/Container.php(662): Illuminate\\Container\\BoundMethod::call()
#11 /home/tesla/Desktop/ERP/main-file/vendor/laravel/framework/src/Illuminate/Console/Command.php(211): Illuminate\\Container\\Container->call()
#12 /home/tesla/Desktop/ERP/main-file/vendor/symfony/console/Command/Command.php(326): Illuminate\\Console\\Command->execute()
#13 /home/tesla/Desktop/ERP/main-file/vendor/laravel/framework/src/Illuminate/Console/Command.php(180): Symfony\\Component\\Console\\Command\\Command->run()
#14 /home/tesla/Desktop/ERP/main-file/vendor/laravel/framework/src/Illuminate/Console/Concerns/CallsCommands.php(67): Illuminate\\Console\\Command->run()
#15 /home/tesla/Desktop/ERP/main-file/vendor/laravel/framework/src/Illuminate/Console/Concerns/CallsCommands.php(40): Illuminate\\Console\\Command->runCommand()
#16 /home/tesla/Desktop/ERP/main-file/vendor/laravel/framework/src/Illuminate/Database/Console/Migrations/FreshCommand.php(44): Illuminate\\Console\\Command->callSilent()
#17 /home/tesla/Desktop/ERP/main-file/vendor/laravel/framework/src/Illuminate/Console/View/Components/Task.php(37): Illuminate\\Database\\Console\\Migrations\\FreshCommand->Illuminate\\Database\\Console\\Migrations\\{closure}()
#18 /home/tesla/Desktop/ERP/main-file/vendor/laravel/framework/src/Illuminate/Console/View/Components/Factory.php(58): Illuminate\\Console\\View\\Components\\Task->render()
#19 /home/tesla/Desktop/ERP/main-file/vendor/laravel/framework/src/Illuminate/Database/Console/Migrations/FreshCommand.php(44): Illuminate\\Console\\View\\Components\\Factory->__call()
#20 /home/tesla/Desktop/ERP/main-file/vendor/laravel/framework/src/Illuminate/Container/BoundMethod.php(36): Illuminate\\Database\\Console\\Migrations\\FreshCommand->handle()
#21 /home/tesla/Desktop/ERP/main-file/vendor/laravel/framework/src/Illuminate/Container/Util.php(41): Illuminate\\Container\\BoundMethod::Illuminate\\Container\\{closure}()
#22 /home/tesla/Desktop/ERP/main-file/vendor/laravel/framework/src/Illuminate/Container/BoundMethod.php(93): Illuminate\\Container\\Util::unwrapIfClosure()
#23 /home/tesla/Desktop/ERP/main-file/vendor/laravel/framework/src/Illuminate/Container/BoundMethod.php(35): Illuminate\\Container\\BoundMethod::callBoundMethod()
#24 /home/tesla/Desktop/ERP/main-file/vendor/laravel/framework/src/Illuminate/Container/Container.php(662): Illuminate\\Container\\BoundMethod::call()
#25 /home/tesla/Desktop/ERP/main-file/vendor/laravel/framework/src/Illuminate/Console/Command.php(211): Illuminate\\Container\\Container->call()
#26 /home/tesla/Desktop/ERP/main-file/vendor/symfony/console/Command/Command.php(326): Illuminate\\Console\\Command->execute()
#27 /home/tesla/Desktop/ERP/main-file/vendor/laravel/framework/src/Illuminate/Console/Command.php(180): Symfony\\Component\\Console\\Command\\Command->run()
#28 /home/tesla/Desktop/ERP/main-file/vendor/symfony/console/Application.php(1081): Illuminate\\Console\\Command->run()
#29 /home/tesla/Desktop/ERP/main-file/vendor/symfony/console/Application.php(320): Symfony\\Component\\Console\\Application->doRunCommand()
#30 /home/tesla/Desktop/ERP/main-file/vendor/symfony/console/Application.php(174): Symfony\\Component\\Console\\Application->doRun()
#31 /home/tesla/Desktop/ERP/main-file/vendor/laravel/framework/src/Illuminate/Foundation/Console/Kernel.php(201): Symfony\\Component\\Console\\Application->run()
#32 /home/tesla/Desktop/ERP/main-file/artisan(35): Illuminate\\Foundation\\Console\\Kernel->handle()
#33 {main}

[previous exception] [object] (PDOException(code: 1045): SQLSTATE[HY000] [1045] Access denied for user 'test'@'localhost' (using password: YES) at /home/tesla/Desktop/ERP/main-file/vendor/laravel/framework/src/Illuminate/Database/Connectors/Connector.php:65)
[stacktrace]
#0 /home/tesla/Desktop/ERP/main-file/vendor/laravel/framework/src/Illuminate/Database/Connectors/Connector.php(65): PDO->__construct()
#1 /home/tesla/Desktop/ERP/main-file/vendor/laravel/framework/src/Illuminate/Database/Connectors/Connector.php(44): Illuminate\\Database\\Connectors\\Connector->createPdoConnection()
#2 /home/tesla/Desktop/ERP/main-file/vendor/laravel/framework/src/Illuminate/Database/Connectors/MySqlConnector.php(24): Illuminate\\Database\\Connectors\\Connector->createConnection()
#3 /home/tesla/Desktop/ERP/main-file/vendor/laravel/framework/src/Illuminate/Database/Connectors/ConnectionFactory.php(184): Illuminate\\Database\\Connectors\\MySqlConnector->connect()
#4 [internal function]: Illuminate\\Database\\Connectors\\ConnectionFactory->Illuminate\\Database\\Connectors\\{closure}()
#5 /home/tesla/Desktop/ERP/main-file/vendor/laravel/framework/src/Illuminate/Database/Connection.php(1319): call_user_func()
#6 /home/tesla/Desktop/ERP/main-file/vendor/laravel/framework/src/Illuminate/Database/Connection.php(1355): Illuminate\\Database\\Connection->getPdo()
#7 /home/tesla/Desktop/ERP/main-file/vendor/laravel/framework/src/Illuminate/Database/Connection.php(521): Illuminate\\Database\\Connection->getReadPdo()
#8 /home/tesla/Desktop/ERP/main-file/vendor/laravel/framework/src/Illuminate/Database/Connection.php(416): Illuminate\\Database\\Connection->getPdoForSelect()
#9 /home/tesla/Desktop/ERP/main-file/vendor/laravel/framework/src/Illuminate/Database/Connection.php(809): Illuminate\\Database\\Connection->Illuminate\\Database\\{closure}()
#10 /home/tesla/Desktop/ERP/main-file/vendor/laravel/framework/src/Illuminate/Database/Connection.php(776): Illuminate\\Database\\Connection->runQueryCallback()
#11 /home/tesla/Desktop/ERP/main-file/vendor/laravel/framework/src/Illuminate/Database/Connection.php(407): Illuminate\\Database\\Connection->run()
#12 /home/tesla/Desktop/ERP/main-file/vendor/laravel/framework/src/Illuminate/Database/Schema/MySqlBuilder.php(124): Illuminate\\Database\\Connection->select()
#13 /home/tesla/Desktop/ERP/main-file/vendor/laravel/framework/src/Illuminate/Database/Schema/MySqlBuilder.php(74): Illuminate\\Database\\Schema\\MySqlBuilder->getAllTables()
#14 /home/tesla/Desktop/ERP/main-file/vendor/laravel/framework/src/Illuminate/Database/Console/WipeCommand.php(71): Illuminate\\Database\\Schema\\MySqlBuilder->dropAllTables()
#15 /home/tesla/Desktop/ERP/main-file/vendor/laravel/framework/src/Illuminate/Database/Console/WipeCommand.php(48): Illuminate\\Database\\Console\\WipeCommand->dropAllTables()
#16 /home/tesla/Desktop/ERP/main-file/vendor/laravel/framework/src/Illuminate/Container/BoundMethod.php(36): Illuminate\\Database\\Console\\WipeCommand->handle()
#17 /home/tesla/Desktop/ERP/main-file/vendor/laravel/framework/src/Illuminate/Container/Util.php(41): Illuminate\\Container\\BoundMethod::Illuminate\\Container\\{closure}()
#18 /home/tesla/Desktop/ERP/main-file/vendor/laravel/framework/src/Illuminate/Container/BoundMethod.php(93): Illuminate\\Container\\Util::unwrapIfClosure()
#19 /home/tesla/Desktop/ERP/main-file/vendor/laravel/framework/src/Illuminate/Container/BoundMethod.php(35): Illuminate\\Container\\BoundMethod::callBoundMethod()
#20 /home/tesla/Desktop/ERP/main-file/vendor/laravel/framework/src/Illuminate/Container/Container.php(662): Illuminate\\Container\\BoundMethod::call()
#21 /home/tesla/Desktop/ERP/main-file/vendor/laravel/framework/src/Illuminate/Console/Command.php(211): Illuminate\\Container\\Container->call()
#22 /home/tesla/Desktop/ERP/main-file/vendor/symfony/console/Command/Command.php(326): Illuminate\\Console\\Command->execute()
#23 /home/tesla/Desktop/ERP/main-file/vendor/laravel/framework/src/Illuminate/Console/Command.php(180): Symfony\\Component\\Console\\Command\\Command->run()
#24 /home/tesla/Desktop/ERP/main-file/vendor/laravel/framework/src/Illuminate/Console/Concerns/CallsCommands.php(67): Illuminate\\Console\\Command->run()
#25 /home/tesla/Desktop/ERP/main-file/vendor/laravel/framework/src/Illuminate/Console/Concerns/CallsCommands.php(40): Illuminate\\Console\\Command->runCommand()
#26 /home/tesla/Desktop/ERP/main-file/vendor/laravel/framework/src/Illuminate/Database/Console/Migrations/FreshCommand.php(44): Illuminate\\Console\\Command->callSilent()
#27 /home/tesla/Desktop/ERP/main-file/vendor/laravel/framework/src/Illuminate/Console/View/Components/Task.php(37): Illuminate\\Database\\Console\\Migrations\\FreshCommand->Illuminate\\Database\\Console\\Migrations\\{closure}()
#28 /home/tesla/Desktop/ERP/main-file/vendor/laravel/framework/src/Illuminate/Console/View/Components/Factory.php(58): Illuminate\\Console\\View\\Components\\Task->render()
#29 /home/tesla/Desktop/ERP/main-file/vendor/laravel/framework/src/Illuminate/Database/Console/Migrations/FreshCommand.php(44): Illuminate\\Console\\View\\Components\\Factory->__call()
#30 /home/tesla/Desktop/ERP/main-file/vendor/laravel/framework/src/Illuminate/Container/BoundMethod.php(36): Illuminate\\Database\\Console\\Migrations\\FreshCommand->handle()
#31 /home/tesla/Desktop/ERP/main-file/vendor/laravel/framework/src/Illuminate/Container/Util.php(41): Illuminate\\Container\\BoundMethod::Illuminate\\Container\\{closure}()
#32 /home/tesla/Desktop/ERP/main-file/vendor/laravel/framework/src/Illuminate/Container/BoundMethod.php(93): Illuminate\\Container\\Util::unwrapIfClosure()
#33 /home/tesla/Desktop/ERP/main-file/vendor/laravel/framework/src/Illuminate/Container/BoundMethod.php(35): Illuminate\\Container\\BoundMethod::callBoundMethod()
#34 /home/tesla/Desktop/ERP/main-file/vendor/laravel/framework/src/Illuminate/Container/Container.php(662): Illuminate\\Container\\BoundMethod::call()
#35 /home/tesla/Desktop/ERP/main-file/vendor/laravel/framework/src/Illuminate/Console/Command.php(211): Illuminate\\Container\\Container->call()
#36 /home/tesla/Desktop/ERP/main-file/vendor/symfony/console/Command/Command.php(326): Illuminate\\Console\\Command->execute()
#37 /home/tesla/Desktop/ERP/main-file/vendor/laravel/framework/src/Illuminate/Console/Command.php(180): Symfony\\Component\\Console\\Command\\Command->run()
#38 /home/tesla/Desktop/ERP/main-file/vendor/symfony/console/Application.php(1081): Illuminate\\Console\\Command->run()
#39 /home/tesla/Desktop/ERP/main-file/vendor/symfony/console/Application.php(320): Symfony\\Component\\Console\\Application->doRunCommand()
#40 /home/tesla/Desktop/ERP/main-file/vendor/symfony/console/Application.php(174): Symfony\\Component\\Console\\Application->doRun()
#41 /home/tesla/Desktop/ERP/main-file/vendor/laravel/framework/src/Illuminate/Foundation/Console/Kernel.php(201): Symfony\\Component\\Console\\Application->run()
#42 /home/tesla/Desktop/ERP/main-file/artisan(35): Illuminate\\Foundation\\Console\\Kernel->handle()
#43 {main}
"} 
[2024-02-05 17:48:30] local.ERROR: SQLSTATE[HY000] [1045] Access denied for user 'test'@'localhost' (using password: YES) (Connection: mysql, SQL: SHOW FULL TABLES WHERE table_type = 'BASE TABLE') {"exception":"[object] (Illuminate\\Database\\QueryException(code: 1045): SQLSTATE[HY000] [1045] Access denied for user 'test'@'localhost' (using password: YES) (Connection: mysql, SQL: SHOW FULL TABLES WHERE table_type = 'BASE TABLE') at /home/tesla/Desktop/ERP/main-file/vendor/laravel/framework/src/Illuminate/Database/Connection.php:822)
[stacktrace]
#0 /home/tesla/Desktop/ERP/main-file/vendor/laravel/framework/src/Illuminate/Database/Connection.php(776): Illuminate\\Database\\Connection->runQueryCallback()
#1 /home/tesla/Desktop/ERP/main-file/vendor/laravel/framework/src/Illuminate/Database/Connection.php(407): Illuminate\\Database\\Connection->run()
#2 /home/tesla/Desktop/ERP/main-file/vendor/laravel/framework/src/Illuminate/Database/Schema/MySqlBuilder.php(124): Illuminate\\Database\\Connection->select()
#3 /home/tesla/Desktop/ERP/main-file/vendor/laravel/framework/src/Illuminate/Database/Schema/MySqlBuilder.php(74): Illuminate\\Database\\Schema\\MySqlBuilder->getAllTables()
#4 /home/tesla/Desktop/ERP/main-file/vendor/laravel/framework/src/Illuminate/Database/Console/WipeCommand.php(71): Illuminate\\Database\\Schema\\MySqlBuilder->dropAllTables()
#5 /home/tesla/Desktop/ERP/main-file/vendor/laravel/framework/src/Illuminate/Database/Console/WipeCommand.php(48): Illuminate\\Database\\Console\\WipeCommand->dropAllTables()
#6 /home/tesla/Desktop/ERP/main-file/vendor/laravel/framework/src/Illuminate/Container/BoundMethod.php(36): Illuminate\\Database\\Console\\WipeCommand->handle()
#7 /home/tesla/Desktop/ERP/main-file/vendor/laravel/framework/src/Illuminate/Container/Util.php(41): Illuminate\\Container\\BoundMethod::Illuminate\\Container\\{closure}()
#8 /home/tesla/Desktop/ERP/main-file/vendor/laravel/framework/src/Illuminate/Container/BoundMethod.php(93): Illuminate\\Container\\Util::unwrapIfClosure()
#9 /home/tesla/Desktop/ERP/main-file/vendor/laravel/framework/src/Illuminate/Container/BoundMethod.php(35): Illuminate\\Container\\BoundMethod::callBoundMethod()
#10 /home/tesla/Desktop/ERP/main-file/vendor/laravel/framework/src/Illuminate/Container/Container.php(662): Illuminate\\Container\\BoundMethod::call()
#11 /home/tesla/Desktop/ERP/main-file/vendor/laravel/framework/src/Illuminate/Console/Command.php(211): Illuminate\\Container\\Container->call()
#12 /home/tesla/Desktop/ERP/main-file/vendor/symfony/console/Command/Command.php(326): Illuminate\\Console\\Command->execute()
#13 /home/tesla/Desktop/ERP/main-file/vendor/laravel/framework/src/Illuminate/Console/Command.php(180): Symfony\\Component\\Console\\Command\\Command->run()
#14 /home/tesla/Desktop/ERP/main-file/vendor/laravel/framework/src/Illuminate/Console/Concerns/CallsCommands.php(67): Illuminate\\Console\\Command->run()
#15 /home/tesla/Desktop/ERP/main-file/vendor/laravel/framework/src/Illuminate/Console/Concerns/CallsCommands.php(40): Illuminate\\Console\\Command->runCommand()
#16 /home/tesla/Desktop/ERP/main-file/vendor/laravel/framework/src/Illuminate/Database/Console/Migrations/FreshCommand.php(44): Illuminate\\Console\\Command->callSilent()
#17 /home/tesla/Desktop/ERP/main-file/vendor/laravel/framework/src/Illuminate/Console/View/Components/Task.php(37): Illuminate\\Database\\Console\\Migrations\\FreshCommand->Illuminate\\Database\\Console\\Migrations\\{closure}()
#18 /home/tesla/Desktop/ERP/main-file/vendor/laravel/framework/src/Illuminate/Console/View/Components/Factory.php(58): Illuminate\\Console\\View\\Components\\Task->render()
#19 /home/tesla/Desktop/ERP/main-file/vendor/laravel/framework/src/Illuminate/Database/Console/Migrations/FreshCommand.php(44): Illuminate\\Console\\View\\Components\\Factory->__call()
#20 /home/tesla/Desktop/ERP/main-file/vendor/laravel/framework/src/Illuminate/Container/BoundMethod.php(36): Illuminate\\Database\\Console\\Migrations\\FreshCommand->handle()
#21 /home/tesla/Desktop/ERP/main-file/vendor/laravel/framework/src/Illuminate/Container/Util.php(41): Illuminate\\Container\\BoundMethod::Illuminate\\Container\\{closure}()
#22 /home/tesla/Desktop/ERP/main-file/vendor/laravel/framework/src/Illuminate/Container/BoundMethod.php(93): Illuminate\\Container\\Util::unwrapIfClosure()
#23 /home/tesla/Desktop/ERP/main-file/vendor/laravel/framework/src/Illuminate/Container/BoundMethod.php(35): Illuminate\\Container\\BoundMethod::callBoundMethod()
#24 /home/tesla/Desktop/ERP/main-file/vendor/laravel/framework/src/Illuminate/Container/Container.php(662): Illuminate\\Container\\BoundMethod::call()
#25 /home/tesla/Desktop/ERP/main-file/vendor/laravel/framework/src/Illuminate/Console/Command.php(211): Illuminate\\Container\\Container->call()
#26 /home/tesla/Desktop/ERP/main-file/vendor/symfony/console/Command/Command.php(326): Illuminate\\Console\\Command->execute()
#27 /home/tesla/Desktop/ERP/main-file/vendor/laravel/framework/src/Illuminate/Console/Command.php(180): Symfony\\Component\\Console\\Command\\Command->run()
#28 /home/tesla/Desktop/ERP/main-file/vendor/symfony/console/Application.php(1081): Illuminate\\Console\\Command->run()
#29 /home/tesla/Desktop/ERP/main-file/vendor/symfony/console/Application.php(320): Symfony\\Component\\Console\\Application->doRunCommand()
#30 /home/tesla/Desktop/ERP/main-file/vendor/symfony/console/Application.php(174): Symfony\\Component\\Console\\Application->doRun()
#31 /home/tesla/Desktop/ERP/main-file/vendor/laravel/framework/src/Illuminate/Foundation/Console/Kernel.php(201): Symfony\\Component\\Console\\Application->run()
#32 /home/tesla/Desktop/ERP/main-file/artisan(35): Illuminate\\Foundation\\Console\\Kernel->handle()
#33 {main}

[previous exception] [object] (PDOException(code: 1045): SQLSTATE[HY000] [1045] Access denied for user 'test'@'localhost' (using password: YES) at /home/tesla/Desktop/ERP/main-file/vendor/laravel/framework/src/Illuminate/Database/Connectors/Connector.php:65)
[stacktrace]
#0 /home/tesla/Desktop/ERP/main-file/vendor/laravel/framework/src/Illuminate/Database/Connectors/Connector.php(65): PDO->__construct()
#1 /home/tesla/Desktop/ERP/main-file/vendor/laravel/framework/src/Illuminate/Database/Connectors/Connector.php(44): Illuminate\\Database\\Connectors\\Connector->createPdoConnection()
#2 /home/tesla/Desktop/ERP/main-file/vendor/laravel/framework/src/Illuminate/Database/Connectors/MySqlConnector.php(24): Illuminate\\Database\\Connectors\\Connector->createConnection()
#3 /home/tesla/Desktop/ERP/main-file/vendor/laravel/framework/src/Illuminate/Database/Connectors/ConnectionFactory.php(184): Illuminate\\Database\\Connectors\\MySqlConnector->connect()
#4 [internal function]: Illuminate\\Database\\Connectors\\ConnectionFactory->Illuminate\\Database\\Connectors\\{closure}()
#5 /home/tesla/Desktop/ERP/main-file/vendor/laravel/framework/src/Illuminate/Database/Connection.php(1319): call_user_func()
#6 /home/tesla/Desktop/ERP/main-file/vendor/laravel/framework/src/Illuminate/Database/Connection.php(1355): Illuminate\\Database\\Connection->getPdo()
#7 /home/tesla/Desktop/ERP/main-file/vendor/laravel/framework/src/Illuminate/Database/Connection.php(521): Illuminate\\Database\\Connection->getReadPdo()
#8 /home/tesla/Desktop/ERP/main-file/vendor/laravel/framework/src/Illuminate/Database/Connection.php(416): Illuminate\\Database\\Connection->getPdoForSelect()
#9 /home/tesla/Desktop/ERP/main-file/vendor/laravel/framework/src/Illuminate/Database/Connection.php(809): Illuminate\\Database\\Connection->Illuminate\\Database\\{closure}()
#10 /home/tesla/Desktop/ERP/main-file/vendor/laravel/framework/src/Illuminate/Database/Connection.php(776): Illuminate\\Database\\Connection->runQueryCallback()
#11 /home/tesla/Desktop/ERP/main-file/vendor/laravel/framework/src/Illuminate/Database/Connection.php(407): Illuminate\\Database\\Connection->run()
#12 /home/tesla/Desktop/ERP/main-file/vendor/laravel/framework/src/Illuminate/Database/Schema/MySqlBuilder.php(124): Illuminate\\Database\\Connection->select()
#13 /home/tesla/Desktop/ERP/main-file/vendor/laravel/framework/src/Illuminate/Database/Schema/MySqlBuilder.php(74): Illuminate\\Database\\Schema\\MySqlBuilder->getAllTables()
#14 /home/tesla/Desktop/ERP/main-file/vendor/laravel/framework/src/Illuminate/Database/Console/WipeCommand.php(71): Illuminate\\Database\\Schema\\MySqlBuilder->dropAllTables()
#15 /home/tesla/Desktop/ERP/main-file/vendor/laravel/framework/src/Illuminate/Database/Console/WipeCommand.php(48): Illuminate\\Database\\Console\\WipeCommand->dropAllTables()
#16 /home/tesla/Desktop/ERP/main-file/vendor/laravel/framework/src/Illuminate/Container/BoundMethod.php(36): Illuminate\\Database\\Console\\WipeCommand->handle()
#17 /home/tesla/Desktop/ERP/main-file/vendor/laravel/framework/src/Illuminate/Container/Util.php(41): Illuminate\\Container\\BoundMethod::Illuminate\\Container\\{closure}()
#18 /home/tesla/Desktop/ERP/main-file/vendor/laravel/framework/src/Illuminate/Container/BoundMethod.php(93): Illuminate\\Container\\Util::unwrapIfClosure()
#19 /home/tesla/Desktop/ERP/main-file/vendor/laravel/framework/src/Illuminate/Container/BoundMethod.php(35): Illuminate\\Container\\BoundMethod::callBoundMethod()
#20 /home/tesla/Desktop/ERP/main-file/vendor/laravel/framework/src/Illuminate/Container/Container.php(662): Illuminate\\Container\\BoundMethod::call()
#21 /home/tesla/Desktop/ERP/main-file/vendor/laravel/framework/src/Illuminate/Console/Command.php(211): Illuminate\\Container\\Container->call()
#22 /home/tesla/Desktop/ERP/main-file/vendor/symfony/console/Command/Command.php(326): Illuminate\\Console\\Command->execute()
#23 /home/tesla/Desktop/ERP/main-file/vendor/laravel/framework/src/Illuminate/Console/Command.php(180): Symfony\\Component\\Console\\Command\\Command->run()
#24 /home/tesla/Desktop/ERP/main-file/vendor/laravel/framework/src/Illuminate/Console/Concerns/CallsCommands.php(67): Illuminate\\Console\\Command->run()
#25 /home/tesla/Desktop/ERP/main-file/vendor/laravel/framework/src/Illuminate/Console/Concerns/CallsCommands.php(40): Illuminate\\Console\\Command->runCommand()
#26 /home/tesla/Desktop/ERP/main-file/vendor/laravel/framework/src/Illuminate/Database/Console/Migrations/FreshCommand.php(44): Illuminate\\Console\\Command->callSilent()
#27 /home/tesla/Desktop/ERP/main-file/vendor/laravel/framework/src/Illuminate/Console/View/Components/Task.php(37): Illuminate\\Database\\Console\\Migrations\\FreshCommand->Illuminate\\Database\\Console\\Migrations\\{closure}()
#28 /home/tesla/Desktop/ERP/main-file/vendor/laravel/framework/src/Illuminate/Console/View/Components/Factory.php(58): Illuminate\\Console\\View\\Components\\Task->render()
#29 /home/tesla/Desktop/ERP/main-file/vendor/laravel/framework/src/Illuminate/Database/Console/Migrations/FreshCommand.php(44): Illuminate\\Console\\View\\Components\\Factory->__call()
#30 /home/tesla/Desktop/ERP/main-file/vendor/laravel/framework/src/Illuminate/Container/BoundMethod.php(36): Illuminate\\Database\\Console\\Migrations\\FreshCommand->handle()
#31 /home/tesla/Desktop/ERP/main-file/vendor/laravel/framework/src/Illuminate/Container/Util.php(41): Illuminate\\Container\\BoundMethod::Illuminate\\Container\\{closure}()
#32 /home/tesla/Desktop/ERP/main-file/vendor/laravel/framework/src/Illuminate/Container/BoundMethod.php(93): Illuminate\\Container\\Util::unwrapIfClosure()
#33 /home/tesla/Desktop/ERP/main-file/vendor/laravel/framework/src/Illuminate/Container/BoundMethod.php(35): Illuminate\\Container\\BoundMethod::callBoundMethod()
#34 /home/tesla/Desktop/ERP/main-file/vendor/laravel/framework/src/Illuminate/Container/Container.php(662): Illuminate\\Container\\BoundMethod::call()
#35 /home/tesla/Desktop/ERP/main-file/vendor/laravel/framework/src/Illuminate/Console/Command.php(211): Illuminate\\Container\\Container->call()
#36 /home/tesla/Desktop/ERP/main-file/vendor/symfony/console/Command/Command.php(326): Illuminate\\Console\\Command->execute()
#37 /home/tesla/Desktop/ERP/main-file/vendor/laravel/framework/src/Illuminate/Console/Command.php(180): Symfony\\Component\\Console\\Command\\Command->run()
#38 /home/tesla/Desktop/ERP/main-file/vendor/symfony/console/Application.php(1081): Illuminate\\Console\\Command->run()
#39 /home/tesla/Desktop/ERP/main-file/vendor/symfony/console/Application.php(320): Symfony\\Component\\Console\\Application->doRunCommand()
#40 /home/tesla/Desktop/ERP/main-file/vendor/symfony/console/Application.php(174): Symfony\\Component\\Console\\Application->doRun()
#41 /home/tesla/Desktop/ERP/main-file/vendor/laravel/framework/src/Illuminate/Foundation/Console/Kernel.php(201): Symfony\\Component\\Console\\Application->run()
#42 /home/tesla/Desktop/ERP/main-file/artisan(35): Illuminate\\Foundation\\Console\\Kernel->handle()
#43 {main}
"} 
[2024-02-05 17:48:51] local.ERROR: Call to a member function getName() on null {"exception":"[object] (Error(code: 0): Call to a member function getName() on null at /home/tesla/Desktop/ERP/main-file/database/seeders/DatabaseSeeder.php:22)
[stacktrace]
#0 /home/tesla/Desktop/ERP/main-file/vendor/laravel/framework/src/Illuminate/Container/BoundMethod.php(36): Database\\Seeders\\DatabaseSeeder->run()
#1 /home/tesla/Desktop/ERP/main-file/vendor/laravel/framework/src/Illuminate/Container/Util.php(41): Illuminate\\Container\\BoundMethod::Illuminate\\Container\\{closure}()
#2 /home/tesla/Desktop/ERP/main-file/vendor/laravel/framework/src/Illuminate/Container/BoundMethod.php(93): Illuminate\\Container\\Util::unwrapIfClosure()
#3 /home/tesla/Desktop/ERP/main-file/vendor/laravel/framework/src/Illuminate/Container/BoundMethod.php(35): Illuminate\\Container\\BoundMethod::callBoundMethod()
#4 /home/tesla/Desktop/ERP/main-file/vendor/laravel/framework/src/Illuminate/Container/Container.php(662): Illuminate\\Container\\BoundMethod::call()
#5 /home/tesla/Desktop/ERP/main-file/vendor/laravel/framework/src/Illuminate/Database/Seeder.php(184): Illuminate\\Container\\Container->call()
#6 /home/tesla/Desktop/ERP/main-file/vendor/laravel/framework/src/Illuminate/Database/Seeder.php(193): Illuminate\\Database\\Seeder->Illuminate\\Database\\{closure}()
#7 /home/tesla/Desktop/ERP/main-file/vendor/laravel/framework/src/Illuminate/Database/Console/Seeds/SeedCommand.php(70): Illuminate\\Database\\Seeder->__invoke()
#8 /home/tesla/Desktop/ERP/main-file/vendor/laravel/framework/src/Illuminate/Database/Eloquent/Concerns/GuardsAttributes.php(155): Illuminate\\Database\\Console\\Seeds\\SeedCommand->Illuminate\\Database\\Console\\Seeds\\{closure}()
#9 /home/tesla/Desktop/ERP/main-file/vendor/laravel/framework/src/Illuminate/Database/Console/Seeds/SeedCommand.php(69): Illuminate\\Database\\Eloquent\\Model::unguarded()
#10 /home/tesla/Desktop/ERP/main-file/vendor/laravel/framework/src/Illuminate/Container/BoundMethod.php(36): Illuminate\\Database\\Console\\Seeds\\SeedCommand->handle()
#11 /home/tesla/Desktop/ERP/main-file/vendor/laravel/framework/src/Illuminate/Container/Util.php(41): Illuminate\\Container\\BoundMethod::Illuminate\\Container\\{closure}()
#12 /home/tesla/Desktop/ERP/main-file/vendor/laravel/framework/src/Illuminate/Container/BoundMethod.php(93): Illuminate\\Container\\Util::unwrapIfClosure()
#13 /home/tesla/Desktop/ERP/main-file/vendor/laravel/framework/src/Illuminate/Container/BoundMethod.php(35): Illuminate\\Container\\BoundMethod::callBoundMethod()
#14 /home/tesla/Desktop/ERP/main-file/vendor/laravel/framework/src/Illuminate/Container/Container.php(662): Illuminate\\Container\\BoundMethod::call()
#15 /home/tesla/Desktop/ERP/main-file/vendor/laravel/framework/src/Illuminate/Console/Command.php(211): Illuminate\\Container\\Container->call()
#16 /home/tesla/Desktop/ERP/main-file/vendor/symfony/console/Command/Command.php(326): Illuminate\\Console\\Command->execute()
#17 /home/tesla/Desktop/ERP/main-file/vendor/laravel/framework/src/Illuminate/Console/Command.php(180): Symfony\\Component\\Console\\Command\\Command->run()
#18 /home/tesla/Desktop/ERP/main-file/vendor/laravel/framework/src/Illuminate/Console/Concerns/CallsCommands.php(67): Illuminate\\Console\\Command->run()
#19 /home/tesla/Desktop/ERP/main-file/vendor/laravel/framework/src/Illuminate/Console/Concerns/CallsCommands.php(28): Illuminate\\Console\\Command->runCommand()
#20 /home/tesla/Desktop/ERP/main-file/vendor/laravel/framework/src/Illuminate/Database/Console/Migrations/FreshCommand.php(93): Illuminate\\Console\\Command->call()
#21 /home/tesla/Desktop/ERP/main-file/vendor/laravel/framework/src/Illuminate/Database/Console/Migrations/FreshCommand.php(69): Illuminate\\Database\\Console\\Migrations\\FreshCommand->runSeeder()
#22 /home/tesla/Desktop/ERP/main-file/vendor/laravel/framework/src/Illuminate/Container/BoundMethod.php(36): Illuminate\\Database\\Console\\Migrations\\FreshCommand->handle()
#23 /home/tesla/Desktop/ERP/main-file/vendor/laravel/framework/src/Illuminate/Container/Util.php(41): Illuminate\\Container\\BoundMethod::Illuminate\\Container\\{closure}()
#24 /home/tesla/Desktop/ERP/main-file/vendor/laravel/framework/src/Illuminate/Container/BoundMethod.php(93): Illuminate\\Container\\Util::unwrapIfClosure()
#25 /home/tesla/Desktop/ERP/main-file/vendor/laravel/framework/src/Illuminate/Container/BoundMethod.php(35): Illuminate\\Container\\BoundMethod::callBoundMethod()
#26 /home/tesla/Desktop/ERP/main-file/vendor/laravel/framework/src/Illuminate/Container/Container.php(662): Illuminate\\Container\\BoundMethod::call()
#27 /home/tesla/Desktop/ERP/main-file/vendor/laravel/framework/src/Illuminate/Console/Command.php(211): Illuminate\\Container\\Container->call()
#28 /home/tesla/Desktop/ERP/main-file/vendor/symfony/console/Command/Command.php(326): Illuminate\\Console\\Command->execute()
#29 /home/tesla/Desktop/ERP/main-file/vendor/laravel/framework/src/Illuminate/Console/Command.php(180): Symfony\\Component\\Console\\Command\\Command->run()
#30 /home/tesla/Desktop/ERP/main-file/vendor/symfony/console/Application.php(1081): Illuminate\\Console\\Command->run()
#31 /home/tesla/Desktop/ERP/main-file/vendor/symfony/console/Application.php(320): Symfony\\Component\\Console\\Application->doRunCommand()
#32 /home/tesla/Desktop/ERP/main-file/vendor/symfony/console/Application.php(174): Symfony\\Component\\Console\\Application->doRun()
#33 /home/tesla/Desktop/ERP/main-file/vendor/laravel/framework/src/Illuminate/Foundation/Console/Kernel.php(201): Symfony\\Component\\Console\\Application->run()
#34 /home/tesla/Desktop/ERP/main-file/artisan(35): Illuminate\\Foundation\\Console\\Kernel->handle()
#35 {main}
"} 
